[INFO] Scanning for projects...
[INFO] 
[INFO] -----------------< co.analisys:microservicio-equipos >------------------
[INFO] Building microservicio-equipos 0.0.1-SNAPSHOT
[INFO]   from pom.xml
[INFO] --------------------------------[ jar ]---------------------------------
[INFO] 
[INFO] >>> spring-boot:3.3.2:run (default-cli) > test-compile @ microservicio-equipos >>>
[INFO] 
[INFO] --- resources:3.3.1:resources (default-resources) @ microservicio-equipos ---
[INFO] Copying 1 resource from src\main\resources to target\classes
[INFO] Copying 0 resource from src\main\resources to target\classes
[INFO] 
[INFO] --- compiler:3.13.0:compile (default-compile) @ microservicio-equipos ---
[INFO] Nothing to compile - all classes are up to date.
[INFO] 
[INFO] --- resources:3.3.1:testResources (default-testResources) @ microservicio-equipos ---
[INFO] skip non existing resourceDirectory C:\Users\daron\OneDrive\Escritorio\Semestre IX\microservicios\gym-microservices-security-async\microservicio-equipos\src\test\resources
[INFO] 
[INFO] --- compiler:3.13.0:testCompile (default-testCompile) @ microservicio-equipos ---
[INFO] No sources to compile
[INFO] 
[INFO] <<< spring-boot:3.3.2:run (default-cli) < test-compile @ microservicio-equipos <<<
[INFO] 
[INFO] 
[INFO] --- spring-boot:3.3.2:run (default-cli) @ microservicio-equipos ---
[INFO] Attaching agents: []

  .   ____          _            __ _ _
 /\\ / ___'_ __ _ _(_)_ __  __ _ \ \ \ \
( ( )\___ | '_ | '_| | '_ \/ _` | \ \ \ \
 \\/  ___)| |_)| | | | | || (_| |  ) ) ) )
  '  |____| .__|_| |_|_| |_\__, | / / / /
 =========|_|==============|___/=/_/_/_/

 :: Spring Boot ::                (v3.3.2)

2026-03-16T18:14:36.903-05:00  INFO 12452 --- [microservicio-equipos] [           main] co.analisys.equipos.EquiposApplication   : Starting EquiposApplication using Java 17.0.16 with PID 12452 (C:\Users\daron\OneDrive\Escritorio\Semestre IX\microservicios\gym-microservices-security-async\microservicio-equipos\target\classes started by daron in C:\Users\daron\OneDrive\Escritorio\Semestre IX\microservicios\gym-microservices-security-async\microservicio-equipos)
2026-03-16T18:14:36.912-05:00  INFO 12452 --- [microservicio-equipos] [           main] co.analisys.equipos.EquiposApplication   : No active profile set, falling back to 1 default profile: "default"
2026-03-16T18:14:38.736-05:00  INFO 12452 --- [microservicio-equipos] [           main] .s.d.r.c.RepositoryConfigurationDelegate : Bootstrapping Spring Data JPA repositories in DEFAULT mode.
2026-03-16T18:14:38.851-05:00  INFO 12452 --- [microservicio-equipos] [           main] .s.d.r.c.RepositoryConfigurationDelegate : Finished Spring Data repository scanning in 100 ms. Found 1 JPA repository interface.
2026-03-16T18:14:40.377-05:00  INFO 12452 --- [microservicio-equipos] [           main] o.s.b.w.embedded.tomcat.TomcatWebServer  : Tomcat initialized with port 8084 (http)
2026-03-16T18:14:40.405-05:00  INFO 12452 --- [microservicio-equipos] [           main] o.apache.catalina.core.StandardService   : Starting service [Tomcat]
2026-03-16T18:14:40.405-05:00  INFO 12452 --- [microservicio-equipos] [           main] o.apache.catalina.core.StandardEngine    : Starting Servlet engine: [Apache Tomcat/10.1.26]
2026-03-16T18:14:40.568-05:00  INFO 12452 --- [microservicio-equipos] [           main] o.a.c.c.C.[Tomcat].[localhost].[/]       : Initializing Spring embedded WebApplicationContext
2026-03-16T18:14:40.568-05:00  INFO 12452 --- [microservicio-equipos] [           main] w.s.c.ServletWebServerApplicationContext : Root WebApplicationContext: initialization completed in 3563 ms
2026-03-16T18:14:40.652-05:00  INFO 12452 --- [microservicio-equipos] [           main] com.zaxxer.hikari.HikariDataSource       : HikariPool-1 - Starting...
2026-03-16T18:14:41.061-05:00  INFO 12452 --- [microservicio-equipos] [           main] com.zaxxer.hikari.pool.HikariPool        : HikariPool-1 - Added connection conn0: url=jdbc:h2:mem:equiposdb user=SA
2026-03-16T18:14:41.065-05:00  INFO 12452 --- [microservicio-equipos] [           main] com.zaxxer.hikari.HikariDataSource       : HikariPool-1 - Start completed.
2026-03-16T18:14:41.085-05:00  INFO 12452 --- [microservicio-equipos] [           main] o.s.b.a.h2.H2ConsoleAutoConfiguration    : H2 console available at '/h2-console'. Database available at 'jdbc:h2:mem:equiposdb'
2026-03-16T18:14:41.360-05:00  INFO 12452 --- [microservicio-equipos] [           main] o.hibernate.jpa.internal.util.LogHelper  : HHH000204: Processing PersistenceUnitInfo [name: default]
2026-03-16T18:14:41.498-05:00  INFO 12452 --- [microservicio-equipos] [           main] org.hibernate.Version                    : HHH000412: Hibernate ORM core version 6.5.2.Final
2026-03-16T18:14:41.568-05:00  INFO 12452 --- [microservicio-equipos] [           main] o.h.c.internal.RegionFactoryInitiator    : HHH000026: Second-level cache disabled
2026-03-16T18:14:42.166-05:00  INFO 12452 --- [microservicio-equipos] [           main] o.s.o.j.p.SpringPersistenceUnitInfo      : No LoadTimeWeaver setup: ignoring JPA class transformer
2026-03-16T18:14:44.073-05:00  INFO 12452 --- [microservicio-equipos] [           main] o.h.e.t.j.p.i.JtaPlatformInitiator       : HHH000489: No JTA platform available (set 'hibernate.transaction.jta.platform' to enable JTA platform integration)
2026-03-16T18:14:44.204-05:00  INFO 12452 --- [microservicio-equipos] [           main] j.LocalContainerEntityManagerFactoryBean : Initialized JPA EntityManagerFactory for persistence unit 'default'
2026-03-16T18:14:45.149-05:00  WARN 12452 --- [microservicio-equipos] [           main] JpaBaseConfiguration$JpaWebConfiguration : spring.jpa.open-in-view is enabled by default. Therefore, database queries may be performed during view rendering. Explicitly configure spring.jpa.open-in-view to disable this warning
2026-03-16T18:14:45.202-05:00 DEBUG 12452 --- [microservicio-equipos] [           main] swordEncoderAuthenticationManagerBuilder : No authenticationProviders and no parentAuthenticationManager defined. Returning null.
2026-03-16T18:14:45.990-05:00 DEBUG 12452 --- [microservicio-equipos] [           main] o.s.s.web.DefaultSecurityFilterChain     : Will secure any request with filters: DisableEncodeUrlFilter, WebAsyncManagerIntegrationFilter, SecurityContextHolderFilter, HeaderWriterFilter, CorsFilter, LogoutFilter, BearerTokenAuthenticationFilter, RequestCacheAwareFilter, SecurityContextHolderAwareRequestFilter, AnonymousAuthenticationFilter, ExceptionTranslationFilter, AuthorizationFilter
2026-03-16T18:14:47.218-05:00  INFO 12452 --- [microservicio-equipos] [           main] o.s.b.w.embedded.tomcat.TomcatWebServer  : Tomcat started on port 8084 (http) with context path '/'
2026-03-16T18:14:47.239-05:00  INFO 12452 --- [microservicio-equipos] [           main] co.analisys.equipos.EquiposApplication   : Started EquiposApplication in 11.142 seconds (process running for 12.036)
Datos de equipos cargados exitosamente.
2026-03-16T19:13:37.483-05:00  WARN 12452 --- [microservicio-equipos] [l-1 housekeeper] com.zaxxer.hikari.pool.HikariPool        : HikariPool-1 - Thread starvation or clock leap detected (housekeeper delta=1m25s522ms903µs600ns).
[INFO] ------------------------------------------------------------------------
[INFO] BUILD FAILURE
[INFO] ------------------------------------------------------------------------
[INFO] Total time:  01:01 h
[INFO] Finished at: 2026-03-16T19:16:23-05:00
[INFO] ------------------------------------------------------------------------
[ERROR] Failed to execute goal org.springframework.boot:spring-boot-maven-plugin:3.3.2:run (default-cli) on project microservicio-equipos: Process terminated with exit code: 1 -> [Help 1]
[ERROR] 
[ERROR] To see the full stack trace of the errors, re-run Maven with the -e switch.
[ERROR] Re-run Maven using the -X switch to enable full debug logging.
[ERROR] 
[ERROR] For more information about the errors and possible solutions, please read the following articles:
[ERROR] [Help 1] http://cwiki.apache.org/confluence/display/MAVEN/MojoExecutionException
