[INFO] Scanning for projects...
[INFO] 
[INFO] ------------------< co.analisys:microservicio-pagos >-------------------
[INFO] Building microservicio-pagos 0.0.1-SNAPSHOT
[INFO]   from pom.xml
[INFO] --------------------------------[ jar ]---------------------------------
[INFO] 
[INFO] >>> spring-boot:3.3.2:run (default-cli) > test-compile @ microservicio-pagos >>>
[INFO] 
[INFO] --- resources:3.3.1:resources (default-resources) @ microservicio-pagos ---
[INFO] Copying 1 resource from src\main\resources to target\classes
[INFO] Copying 0 resource from src\main\resources to target\classes
[INFO] 
[INFO] --- compiler:3.13.0:compile (default-compile) @ microservicio-pagos ---
[INFO] Nothing to compile - all classes are up to date.
[INFO] 
[INFO] --- resources:3.3.1:testResources (default-testResources) @ microservicio-pagos ---
[INFO] skip non existing resourceDirectory C:\Users\nicol\Documents\9 Semestre\Microservicios\gym-kafka-rabbit\gym-microservices-security-async\microservicio-pagos\src\test\resources
[INFO] 
[INFO] --- compiler:3.13.0:testCompile (default-testCompile) @ microservicio-pagos ---
[INFO] No sources to compile
[INFO] 
[INFO] <<< spring-boot:3.3.2:run (default-cli) < test-compile @ microservicio-pagos <<<
[INFO] 
[INFO] 
[INFO] --- spring-boot:3.3.2:run (default-cli) @ microservicio-pagos ---
[INFO] Attaching agents: []

  .   ____          _            __ _ _
 /\\ / ___'_ __ _ _(_)_ __  __ _ \ \ \ \
( ( )\___ | '_ | '_| | '_ \/ _` | \ \ \ \
 \\/  ___)| |_)| | | | | || (_| |  ) ) ) )
  '  |____| .__|_| |_|_| |_\__, | / / / /
 =========|_|==============|___/=/_/_/_/

 :: Spring Boot ::                (v3.3.2)

2026-04-11T13:04:42.080-05:00  INFO 7968 --- [microservicio-pagos] [           main] c.a.pagos.MicroservicioPagosApplication  : Starting MicroservicioPagosApplication using Java 17.0.16 with PID 7968 (C:\Users\nicol\Documents\9 Semestre\Microservicios\gym-kafka-rabbit\gym-microservices-security-async\microservicio-pagos\target\classes started by nicol in C:\Users\nicol\Documents\9 Semestre\Microservicios\gym-kafka-rabbit\gym-microservices-security-async\microservicio-pagos)
2026-04-11T13:04:42.083-05:00  INFO 7968 --- [microservicio-pagos] [           main] c.a.pagos.MicroservicioPagosApplication  : No active profile set, falling back to 1 default profile: "default"
2026-04-11T13:04:43.838-05:00  INFO 7968 --- [microservicio-pagos] [           main] o.s.b.w.embedded.tomcat.TomcatWebServer  : Tomcat initialized with port 8085 (http)
2026-04-11T13:04:43.861-05:00  INFO 7968 --- [microservicio-pagos] [           main] o.apache.catalina.core.StandardService   : Starting service [Tomcat]
2026-04-11T13:04:43.862-05:00  INFO 7968 --- [microservicio-pagos] [           main] o.apache.catalina.core.StandardEngine    : Starting Servlet engine: [Apache Tomcat/10.1.26]
2026-04-11T13:04:43.969-05:00  INFO 7968 --- [microservicio-pagos] [           main] o.a.c.c.C.[Tomcat].[localhost].[/]       : Initializing Spring embedded WebApplicationContext
2026-04-11T13:04:43.970-05:00  INFO 7968 --- [microservicio-pagos] [           main] w.s.c.ServletWebServerApplicationContext : Root WebApplicationContext: initialization completed in 1832 ms
2026-04-11T13:04:46.689-05:00  INFO 7968 --- [microservicio-pagos] [           main] o.s.b.w.embedded.tomcat.TomcatWebServer  : Tomcat started on port 8085 (http) with context path '/'
2026-04-11T13:04:46.702-05:00  INFO 7968 --- [microservicio-pagos] [           main] o.s.a.r.c.CachingConnectionFactory       : Attempting to connect to: [localhost:5672]
2026-04-11T13:04:46.935-05:00  INFO 7968 --- [microservicio-pagos] [           main] o.s.a.r.c.CachingConnectionFactory       : Created new connection: rabbitConnectionFactory#1b2df3aa:0/SimpleConnection@78d73b1b [delegate=amqp://guest@127.0.0.1:5672/, localPort=64762]
2026-04-11T13:04:47.123-05:00  INFO 7968 --- [microservicio-pagos] [           main] c.a.pagos.MicroservicioPagosApplication  : Started MicroservicioPagosApplication in 5.637 seconds (process running for 6.065)
